# JRE version: OpenJDK Runtime Environment Temurin-17.0.11+9 (17.0.11+9) (build 17.0.11+9)
# Java VM: OpenJDK 64-Bit Server VM Temurin-17.0.11+9 (17.0.11+9, mixed mode, tiered, compressed oops, compressed class ptrs, parallel gc, windows-amd64)
GC Precious Log:
 CPUs: 8 total, 8 available
 Memory: 8002M
 Large Page Support: Disabled
 NUMA Support: Disabled
 Compressed Oops: Enabled (32-bit)
 Alignments: Space 512K, Generation 512K, Heap 2M
 Heap Min Capacity: 100M
 Heap Initial Capacity: 100M
 Heap Max Capacity: 1G
 Pre-touch: Disabled
 Parallel Workers: 8
Heap:
 PSYoungGen      total 22528K, used 21139K [0x00000000eab00000, 0x00000000ec580000, 0x0000000100000000)
  eden space 22016K, 93% used [0x00000000eab00000,0x00000000ebf25640,0x00000000ec080000)
  from space 512K, 99% used [0x00000000ec400000,0x00000000ec47f658,0x00000000ec480000)
  to   space 2560K, 0% used [0x00000000ec080000,0x00000000ec080000,0x00000000ec300000)
 ParOldGen       total 68608K, used 20289K [0x00000000c0000000, 0x00000000c4300000, 0x00000000eab00000)
  object space 68608K, 29% used [0x00000000c0000000,0x00000000c13d07f8,0x00000000c4300000)
 Metaspace       used 49412K, committed 50432K, reserved 1114112K
  class space    used 5302K, committed 5760K, reserved 1048576K
GC Heap History (20 events):
Event: 20.105 GC heap before
{Heap before GC invocations=9 (full 1):
 PSYoungGen      total 27648K, used 27617K [0x00000000eab00000, 0x00000000ecb00000, 0x0000000100000000)
  eden space 24576K, 100% used [0x00000000eab00000,0x00000000ec300000,0x00000000ec300000)
  from space 3072K, 98% used [0x00000000ec480000,0x00000000ec778408,0x00000000ec780000)
  to   space 3584K, 0% used [0x00000000ec780000,0x00000000ec780000,0x00000000ecb00000)
 ParOldGen       total 68608K, used 10755K [0x00000000c0000000, 0x00000000c4300000, 0x00000000eab00000)
  object space 68608K, 15% used [0x00000000c0000000,0x00000000c0a80c98,0x00000000c4300000)
 Metaspace       used 29291K, committed 30080K, reserved 1114112K
  class space    used 2950K, committed 3328K, reserved 1048576K
}
Event: 20.109 GC heap after
{Heap after GC invocations=9 (full 1):
 PSYoungGen      total 27648K, used 3556K [0x00000000eab00000, 0x00000000ecb80000, 0x0000000100000000)
  eden space 24064K, 0% used [0x00000000eab00000,0x00000000eab00000,0x00000000ec280000)
  from space 3584K, 99% used [0x00000000ec780000,0x00000000ecaf93a8,0x00000000ecb00000)
  to   space 4608K, 0% used [0x00000000ec280000,0x00000000ec280000,0x00000000ec700000)
 ParOldGen       total 68608K, used 11131K [0x00000000c0000000, 0x00000000c4300000, 0x00000000eab00000)
  object space 68608K, 16% used [0x00000000c0000000,0x00000000c0adec98,0x00000000c4300000)
 Metaspace       used 29291K, committed 30080K, reserved 1114112K
  class space    used 2950K, committed 3328K, reserved 1048576K
}
Event: 20.821 GC heap before
{Heap before GC invocations=10 (full 1):
 PSYoungGen      total 27648K, used 26883K [0x00000000eab00000, 0x00000000ecb80000, 0x0000000100000000)
  eden space 24064K, 96% used [0x00000000eab00000,0x00000000ec1c78e8,0x00000000ec280000)
  from space 3584K, 99% used [0x00000000ec780000,0x00000000ecaf93a8,0x00000000ecb00000)
  to   space 4608K, 0% used [0x00000000ec280000,0x00000000ec280000,0x00000000ec700000)
 ParOldGen       total 68608K, used 11131K [0x00000000c0000000, 0x00000000c4300000, 0x00000000eab00000)
  object space 68608K, 16% used [0x00000000c0000000,0x00000000c0adec98,0x00000000c4300000)
 Metaspace       used 32619K, committed 33408K, reserved 1114112K
  class space    used 3219K, committed 3584K, reserved 1048576K
}
Event: 20.825 GC heap after
{Heap after GC invocations=10 (full 1):
 PSYoungGen      total 27648K, used 4064K [0x00000000eab00000, 0x00000000ecb00000, 0x0000000100000000)
  eden space 23552K, 0% used [0x00000000eab00000,0x00000000eab00000,0x00000000ec200000)
  from space 4096K, 99% used [0x00000000ec280000,0x00000000ec678080,0x00000000ec680000)
  to   space 4608K, 0% used [0x00000000ec680000,0x00000000ec680000,0x00000000ecb00000)
 ParOldGen       total 68608K, used 11879K [0x00000000c0000000, 0x00000000c4300000, 0x00000000eab00000)
  object space 68608K, 17% used [0x00000000c0000000,0x00000000c0b99cb8,0x00000000c4300000)
 Metaspace       used 32619K, committed 33408K, reserved 1114112K
  class space    used 3219K, committed 3584K, reserved 1048576K
}
Event: 21.384 GC heap before
{Heap before GC invocations=11 (full 1):
 PSYoungGen      total 27648K, used 27616K [0x00000000eab00000, 0x00000000ecb00000, 0x0000000100000000)
  eden space 23552K, 100% used [0x00000000eab00000,0x00000000ec200000,0x00000000ec200000)
  from space 4096K, 99% used [0x00000000ec280000,0x00000000ec678080,0x00000000ec680000)
  to   space 4608K, 0% used [0x00000000ec680000,0x00000000ec680000,0x00000000ecb00000)
 ParOldGen       total 68608K, used 11879K [0x00000000c0000000, 0x00000000c4300000, 0x00000000eab00000)
  object space 68608K, 17% used [0x00000000c0000000,0x00000000c0b99cb8,0x00000000c4300000)
 Metaspace       used 34059K, committed 34816K, reserved 1114112K
  class space    used 3362K, committed 3712K, reserved 1048576K
}
Event: 21.390 GC heap after
{Heap after GC invocations=11 (full 1):
 PSYoungGen      total 26624K, used 3197K [0x00000000eab00000, 0x00000000eca00000, 0x0000000100000000)
  eden space 23040K, 0% used [0x00000000eab00000,0x00000000eab00000,0x00000000ec180000)
  from space 3584K, 89% used [0x00000000ec680000,0x00000000ec99f5a0,0x00000000eca00000)
  to   space 3584K, 0% used [0x00000000ec300000,0x00000000ec300000,0x00000000ec680000)
 ParOldGen       total 68608K, used 14755K [0x00000000c0000000, 0x00000000c4300000, 0x00000000eab00000)
  object space 68608K, 21% used [0x00000000c0000000,0x00000000c0e68c80,0x00000000c4300000)
 Metaspace       used 34059K, committed 34816K, reserved 1114112K
  class space    used 3362K, committed 3712K, reserved 1048576K
}
Event: 21.646 GC heap before
{Heap before GC invocations=12 (full 1):
 PSYoungGen      total 26624K, used 10008K [0x00000000eab00000, 0x00000000eca00000, 0x0000000100000000)
  eden space 23040K, 29% used [0x00000000eab00000,0x00000000eb1a6d48,0x00000000ec180000)
  from space 3584K, 89% used [0x00000000ec680000,0x00000000ec99f5a0,0x00000000eca00000)
  to   space 3584K, 0% used [0x00000000ec300000,0x00000000ec300000,0x00000000ec680000)
 ParOldGen       total 68608K, used 14755K [0x00000000c0000000, 0x00000000c4300000, 0x00000000eab00000)
  object space 68608K, 21% used [0x00000000c0000000,0x00000000c0e68c80,0x00000000c4300000)
 Metaspace       used 35071K, committed 35840K, reserved 1114112K
  class space    used 3462K, committed 3840K, reserved 1048576K
}
Event: 21.651 GC heap after
{Heap after GC invocations=12 (full 1):
 PSYoungGen      total 23552K, used 512K [0x00000000eab00000, 0x00000000ec700000, 0x0000000100000000)
  eden space 23040K, 0% used [0x00000000eab00000,0x00000000eab00000,0x00000000ec180000)
  from space 512K, 100% used [0x00000000ec300000,0x00000000ec380000,0x00000000ec380000)
  to   space 2048K, 0% used [0x00000000ec500000,0x00000000ec500000,0x00000000ec700000)
 ParOldGen       total 68608K, used 17307K [0x00000000c0000000, 0x00000000c4300000, 0x00000000eab00000)
  object space 68608K, 25% used [0x00000000c0000000,0x00000000c10e6ec0,0x00000000c4300000)
 Metaspace       used 35071K, committed 35840K, reserved 1114112K
  class space    used 3462K, committed 3840K, reserved 1048576K
}
Event: 21.651 GC heap before
{Heap before GC invocations=13 (full 2):
 PSYoungGen      total 23552K, used 512K [0x00000000eab00000, 0x00000000ec700000, 0x0000000100000000)
  eden space 23040K, 0% used [0x00000000eab00000,0x00000000eab00000,0x00000000ec180000)
  from space 512K, 100% used [0x00000000ec300000,0x00000000ec380000,0x00000000ec380000)
  to   space 2048K, 0% used [0x00000000ec500000,0x00000000ec500000,0x00000000ec700000)
 ParOldGen       total 68608K, used 17307K [0x00000000c0000000, 0x00000000c4300000, 0x00000000eab00000)
  object space 68608K, 25% used [0x00000000c0000000,0x00000000c10e6ec0,0x00000000c4300000)
 Metaspace       used 35071K, committed 35840K, reserved 1114112K
  class space    used 3462K, committed 3840K, reserved 1048576K
}
Event: 21.720 GC heap after
{Heap after GC invocations=13 (full 2):
 PSYoungGen      total 23552K, used 0K [0x00000000eab00000, 0x00000000ec700000, 0x0000000100000000)
  eden space 23040K, 0% used [0x00000000eab00000,0x00000000eab00000,0x00000000ec180000)
  from space 512K, 0% used [0x00000000ec300000,0x00000000ec300000,0x00000000ec380000)
  to   space 2048K, 0% used [0x00000000ec500000,0x00000000ec500000,0x00000000ec700000)
 ParOldGen       total 68608K, used 15967K [0x00000000c0000000, 0x00000000c4300000, 0x00000000eab00000)
  object space 68608K, 23% used [0x00000000c0000000,0x00000000c0f97eb0,0x00000000c4300000)
 Metaspace       used 35057K, committed 35840K, reserved 1114112K
  class space    used 3459K, committed 3840K, reserved 1048576K
}
Event: 22.696 GC heap before
{Heap before GC invocations=14 (full 2):
 PSYoungGen      total 23552K, used 23040K [0x00000000eab00000, 0x00000000ec700000, 0x0000000100000000)
  eden space 23040K, 100% used [0x00000000eab00000,0x00000000ec180000,0x00000000ec180000)
  from space 512K, 0% used [0x00000000ec300000,0x00000000ec300000,0x00000000ec380000)
  to   space 2048K, 0% used [0x00000000ec500000,0x00000000ec500000,0x00000000ec700000)
 ParOldGen       total 68608K, used 15967K [0x00000000c0000000, 0x00000000c4300000, 0x00000000eab00000)
  object space 68608K, 23% used [0x00000000c0000000,0x00000000c0f97eb0,0x00000000c4300000)
 Metaspace       used 37627K, committed 38464K, reserved 1114112K
  class space    used 3782K, committed 4160K, reserved 1048576K
}
Event: 22.698 GC heap after
{Heap after GC invocations=14 (full 2):
 PSYoungGen      total 24576K, used 1642K [0x00000000eab00000, 0x00000000ec700000, 0x0000000100000000)
  eden space 22528K, 0% used [0x00000000eab00000,0x00000000eab00000,0x00000000ec100000)
  from space 2048K, 80% used [0x00000000ec500000,0x00000000ec69aa68,0x00000000ec700000)
  to   space 2048K, 0% used [0x00000000ec300000,0x00000000ec300000,0x00000000ec500000)
 ParOldGen       total 68608K, used 15975K [0x00000000c0000000, 0x00000000c4300000, 0x00000000eab00000)
  object space 68608K, 23% used [0x00000000c0000000,0x00000000c0f99eb0,0x00000000c4300000)
 Metaspace       used 37627K, committed 38464K, reserved 1114112K
  class space    used 3782K, committed 4160K, reserved 1048576K
}
Event: 23.838 GC heap before
{Heap before GC invocations=15 (full 2):
 PSYoungGen      total 24576K, used 24170K [0x00000000eab00000, 0x00000000ec700000, 0x0000000100000000)
  eden space 22528K, 100% used [0x00000000eab00000,0x00000000ec100000,0x00000000ec100000)
  from space 2048K, 80% used [0x00000000ec500000,0x00000000ec69aa68,0x00000000ec700000)
  to   space 2048K, 0% used [0x00000000ec300000,0x00000000ec300000,0x00000000ec500000)
 ParOldGen       total 68608K, used 15975K [0x00000000c0000000, 0x00000000c4300000, 0x00000000eab00000)
  object space 68608K, 23% used [0x00000000c0000000,0x00000000c0f99eb0,0x00000000c4300000)
 Metaspace       used 39698K, committed 40576K, reserved 1114112K
  class space    used 4044K, committed 4416K, reserved 1048576K
}
Event: 23.842 GC heap after
{Heap after GC invocations=15 (full 2):
 PSYoungGen      total 23040K, used 817K [0x00000000eab00000, 0x00000000ec580000, 0x0000000100000000)
  eden space 22016K, 0% used [0x00000000eab00000,0x00000000eab00000,0x00000000ec080000)
  from space 1024K, 79% used [0x00000000ec300000,0x00000000ec3cc7b0,0x00000000ec400000)
  to   space 1536K, 0% used [0x00000000ec400000,0x00000000ec400000,0x00000000ec580000)
 ParOldGen       total 68608K, used 17434K [0x00000000c0000000, 0x00000000c4300000, 0x00000000eab00000)
  object space 68608K, 25% used [0x00000000c0000000,0x00000000c1106828,0x00000000c4300000)
 Metaspace       used 39698K, committed 40576K, reserved 1114112K
  class space    used 4044K, committed 4416K, reserved 1048576K
}
Event: 24.677 GC heap before
{Heap before GC invocations=16 (full 2):
 PSYoungGen      total 23040K, used 22833K [0x00000000eab00000, 0x00000000ec580000, 0x0000000100000000)
  eden space 22016K, 99% used [0x00000000eab00000,0x00000000ec07fe30,0x00000000ec080000)
  from space 1024K, 79% used [0x00000000ec300000,0x00000000ec3cc7b0,0x00000000ec400000)
  to   space 1536K, 0% used [0x00000000ec400000,0x00000000ec400000,0x00000000ec580000)
 ParOldGen       total 68608K, used 17434K [0x00000000c0000000, 0x00000000c4300000, 0x00000000eab00000)
  object space 68608K, 25% used [0x00000000c0000000,0x00000000c1106828,0x00000000c4300000)
 Metaspace       used 42267K, committed 43200K, reserved 1114112K
  class space    used 4335K, committed 4736K, reserved 1048576K
}
Event: 24.680 GC heap after
{Heap after GC invocations=16 (full 2):
 PSYoungGen      total 23040K, used 905K [0x00000000eab00000, 0x00000000ec500000, 0x0000000100000000)
  eden space 22016K, 0% used [0x00000000eab00000,0x00000000eab00000,0x00000000ec080000)
  from space 1024K, 88% used [0x00000000ec400000,0x00000000ec4e2558,0x00000000ec500000)
  to   space 1024K, 0% used [0x00000000ec300000,0x00000000ec300000,0x00000000ec400000)
 ParOldGen       total 68608K, used 18073K [0x00000000c0000000, 0x00000000c4300000, 0x00000000eab00000)
  object space 68608K, 26% used [0x00000000c0000000,0x00000000c11a65e0,0x00000000c4300000)
 Metaspace       used 42267K, committed 43200K, reserved 1114112K
  class space    used 4335K, committed 4736K, reserved 1048576K
}
Event: 25.310 GC heap before
{Heap before GC invocations=17 (full 2):
 PSYoungGen      total 23040K, used 22921K [0x00000000eab00000, 0x00000000ec500000, 0x0000000100000000)
  eden space 22016K, 100% used [0x00000000eab00000,0x00000000ec080000,0x00000000ec080000)
  from space 1024K, 88% used [0x00000000ec400000,0x00000000ec4e2558,0x00000000ec500000)
  to   space 1024K, 0% used [0x00000000ec300000,0x00000000ec300000,0x00000000ec400000)
 ParOldGen       total 68608K, used 18073K [0x00000000c0000000, 0x00000000c4300000, 0x00000000eab00000)
  object space 68608K, 26% used [0x00000000c0000000,0x00000000c11a65e0,0x00000000c4300000)
 Metaspace       used 44726K, committed 45760K, reserved 1114112K
  class space    used 4674K, committed 5184K, reserved 1048576K
}
Event: 25.312 GC heap after
{Heap after GC invocations=17 (full 2):
 PSYoungGen      total 23040K, used 992K [0x00000000eab00000, 0x00000000ec480000, 0x0000000100000000)
  eden space 22016K, 0% used [0x00000000eab00000,0x00000000eab00000,0x00000000ec080000)
  from space 1024K, 96% used [0x00000000ec300000,0x00000000ec3f8000,0x00000000ec400000)
  to   space 512K, 0% used [0x00000000ec400000,0x00000000ec400000,0x00000000ec480000)
 ParOldGen       total 68608K, used 18876K [0x00000000c0000000, 0x00000000c4300000, 0x00000000eab00000)
  object space 68608K, 27% used [0x00000000c0000000,0x00000000c126f238,0x00000000c4300000)
 Metaspace       used 44726K, committed 45760K, reserved 1114112K
  class space    used 4674K, committed 5184K, reserved 1048576K
}
Event: 26.172 GC heap before
{Heap before GC invocations=18 (full 2):
 PSYoungGen      total 23040K, used 23008K [0x00000000eab00000, 0x00000000ec480000, 0x0000000100000000)
  eden space 22016K, 100% used [0x00000000eab00000,0x00000000ec080000,0x00000000ec080000)
  from space 1024K, 96% used [0x00000000ec300000,0x00000000ec3f8000,0x00000000ec400000)
  to   space 512K, 0% used [0x00000000ec400000,0x00000000ec400000,0x00000000ec480000)
 ParOldGen       total 68608K, used 18876K [0x00000000c0000000, 0x00000000c4300000, 0x00000000eab00000)
  object space 68608K, 27% used [0x00000000c0000000,0x00000000c126f238,0x00000000c4300000)
 Metaspace       used 47033K, committed 48000K, reserved 1114112K
  class space    used 4977K, committed 5440K, reserved 1048576K
}
Event: 26.175 GC heap after
{Heap after GC invocations=18 (full 2):
 PSYoungGen      total 22528K, used 509K [0x00000000eab00000, 0x00000000ec580000, 0x0000000100000000)
  eden space 22016K, 0% used [0x00000000eab00000,0x00000000eab00000,0x00000000ec080000)
  from space 512K, 99% used [0x00000000ec400000,0x00000000ec47f658,0x00000000ec480000)
  to   space 2560K, 0% used [0x00000000ec080000,0x00000000ec080000,0x00000000ec300000)
 ParOldGen       total 68608K, used 20289K [0x00000000c0000000, 0x00000000c4300000, 0x00000000eab00000)
  object space 68608K, 29% used [0x00000000c0000000,0x00000000c13d07f8,0x00000000c4300000)
 Metaspace       used 47033K, committed 48000K, reserved 1114112K
  class space    used 4977K, committed 5440K, reserved 1048576K
}

